<?xml version="1.0" encoding="UTF-8"?>
<!-- Generated by org.testng.reporters.JUnitXMLReporter -->
<testsuite ignored="0" hostname="DESKTOP-SNQQ0D2" failures="0" tests="13" name="Default test" time="3.883" errors="0" timestamp="2024-04-16T21:30:47 IST">
  <testcase classname="api.test.TestDDT" name="setData" time="0.01"/>
  <testcase classname="api.test.TestDDT" name="setData" time="0.002"/>
  <testcase classname="api.test.TestDDT" name="setData" time="0.003"/>
  <testcase classname="api.test.TestDDT" name="setData" time="0.002"/>
  <testcase classname="api.test.TestDDT" name="setData" time="0.001"/>
  <testcase classname="api.test.TestDDT" name="testPostRequest1" time="2.131"/>
  <testcase classname="api.test.TestDDT" name="testGetRequest1" time="0.064"/>
  <testcase classname="api.test.TestDDT" name="testPutRequest" time="0.064"/>
  <testcase classname="api.test.TestDDT" name="testPutRequest" time="0.059"/>
  <testcase classname="api.test.TestDDT" name="testPutRequest" time="0.045"/>
  <testcase classname="api.test.TestDDT" name="testPutRequest" time="0.063"/>
  <testcase classname="api.test.TestDDT" name="testPutRequest" time="0.045"/>
  <testcase classname="api.test.TestDDT" name="testDeleteRequest" time="0.046"/>
</testsuite> <!-- Default test -->
