<?xml version="1.0" encoding="UTF-8"?>
<testng-results ignored="0" total="13" passed="13" failed="0" skipped="0">
  <reporter-output>
  </reporter-output>
  <suite started-at="2024-04-16T21:30:43 IST" name="Default suite" finished-at="2024-04-16T21:30:47 IST" duration-ms="3883">
    <groups>
    </groups>
    <test started-at="2024-04-16T21:30:43 IST" name="Default test" finished-at="2024-04-16T21:30:47 IST" duration-ms="3883">
      <class name="api.test.TestDDT">
        <test-method signature="setData(java.lang.String,java.lang.String,java.lang.String,java.lang.String)[pri:1, instance:api.test.TestDDT@53aac487]" started-at="2024-04-16T21:30:44 IST" name="setData" data-provider="Data" finished-at="2024-04-16T21:30:44 IST" duration-ms="10" status="PASS">
          <params>
            <param index="0">
              <value>
                <![CDATA[]]>
              </value>
            </param>
            <param index="1">
              <value>
                <![CDATA[]]>
              </value>
            </param>
            <param index="2">
              <value>
                <![CDATA[]]>
              </value>
            </param>
            <param index="3">
              <value>
                <![CDATA[]]>
              </value>
            </param>
          </params>
          <reporter-output>
          </reporter-output>
        </test-method> <!-- setData -->
        <test-method signature="setData(java.lang.String,java.lang.String,java.lang.String,java.lang.String)[pri:1, instance:api.test.TestDDT@53aac487]" started-at="2024-04-16T21:30:44 IST" name="setData" data-provider="Data" finished-at="2024-04-16T21:30:44 IST" duration-ms="2" status="PASS">
          <params>
            <param index="0">
              <value>
                <![CDATA[]]>
              </value>
            </param>
            <param index="1">
              <value>
                <![CDATA[]]>
              </value>
            </param>
            <param index="2">
              <value>
                <![CDATA[]]>
              </value>
            </param>
            <param index="3">
              <value>
                <![CDATA[]]>
              </value>
            </param>
          </params>
          <reporter-output>
          </reporter-output>
        </test-method> <!-- setData -->
        <test-method signature="setData(java.lang.String,java.lang.String,java.lang.String,java.lang.String)[pri:1, instance:api.test.TestDDT@53aac487]" started-at="2024-04-16T21:30:44 IST" name="setData" data-provider="Data" finished-at="2024-04-16T21:30:44 IST" duration-ms="3" status="PASS">
          <params>
            <param index="0">
              <value>
                <![CDATA[]]>
              </value>
            </param>
            <param index="1">
              <value>
                <![CDATA[]]>
              </value>
            </param>
            <param index="2">
              <value>
                <![CDATA[]]>
              </value>
            </param>
            <param index="3">
              <value>
                <![CDATA[]]>
              </value>
            </param>
          </params>
          <reporter-output>
          </reporter-output>
        </test-method> <!-- setData -->
        <test-method signature="setData(java.lang.String,java.lang.String,java.lang.String,java.lang.String)[pri:1, instance:api.test.TestDDT@53aac487]" started-at="2024-04-16T21:30:44 IST" name="setData" data-provider="Data" finished-at="2024-04-16T21:30:44 IST" duration-ms="2" status="PASS">
          <params>
            <param index="0">
              <value>
                <![CDATA[]]>
              </value>
            </param>
            <param index="1">
              <value>
                <![CDATA[]]>
              </value>
            </param>
            <param index="2">
              <value>
                <![CDATA[]]>
              </value>
            </param>
            <param index="3">
              <value>
                <![CDATA[]]>
              </value>
            </param>
          </params>
          <reporter-output>
          </reporter-output>
        </test-method> <!-- setData -->
        <test-method signature="setData(java.lang.String,java.lang.String,java.lang.String,java.lang.String)[pri:1, instance:api.test.TestDDT@53aac487]" started-at="2024-04-16T21:30:44 IST" name="setData" data-provider="Data" finished-at="2024-04-16T21:30:44 IST" duration-ms="1" status="PASS">
          <params>
            <param index="0">
              <value>
                <![CDATA[]]>
              </value>
            </param>
            <param index="1">
              <value>
                <![CDATA[]]>
              </value>
            </param>
            <param index="2">
              <value>
                <![CDATA[]]>
              </value>
            </param>
            <param index="3">
              <value>
                <![CDATA[]]>
              </value>
            </param>
          </params>
          <reporter-output>
          </reporter-output>
        </test-method> <!-- setData -->
        <test-method signature="testPostRequest1()[pri:2, instance:api.test.TestDDT@53aac487]" started-at="2024-04-16T21:30:44 IST" name="testPostRequest1" finished-at="2024-04-16T21:30:46 IST" duration-ms="2131" status="PASS">
          <reporter-output>
          </reporter-output>
        </test-method> <!-- testPostRequest1 -->
        <test-method signature="testGetRequest1()[pri:3, instance:api.test.TestDDT@53aac487]" started-at="2024-04-16T21:30:46 IST" name="testGetRequest1" finished-at="2024-04-16T21:30:46 IST" duration-ms="64" status="PASS">
          <reporter-output>
          </reporter-output>
        </test-method> <!-- testGetRequest1 -->
        <test-method signature="testPutRequest(java.lang.String)[pri:4, instance:api.test.TestDDT@53aac487]" started-at="2024-04-16T21:30:46 IST" name="testPutRequest" data-provider="UserNameData" finished-at="2024-04-16T21:30:46 IST" duration-ms="64" status="PASS">
          <params>
            <param index="0">
              <value>
                <![CDATA[]]>
              </value>
            </param>
          </params>
          <reporter-output>
          </reporter-output>
        </test-method> <!-- testPutRequest -->
        <test-method signature="testPutRequest(java.lang.String)[pri:4, instance:api.test.TestDDT@53aac487]" started-at="2024-04-16T21:30:46 IST" name="testPutRequest" data-provider="UserNameData" finished-at="2024-04-16T21:30:46 IST" duration-ms="59" status="PASS">
          <params>
            <param index="0">
              <value>
                <![CDATA[]]>
              </value>
            </param>
          </params>
          <reporter-output>
          </reporter-output>
        </test-method> <!-- testPutRequest -->
        <test-method signature="testPutRequest(java.lang.String)[pri:4, instance:api.test.TestDDT@53aac487]" started-at="2024-04-16T21:30:46 IST" name="testPutRequest" data-provider="UserNameData" finished-at="2024-04-16T21:30:46 IST" duration-ms="45" status="PASS">
          <params>
            <param index="0">
              <value>
                <![CDATA[]]>
              </value>
            </param>
          </params>
          <reporter-output>
          </reporter-output>
        </test-method> <!-- testPutRequest -->
        <test-method signature="testPutRequest(java.lang.String)[pri:4, instance:api.test.TestDDT@53aac487]" started-at="2024-04-16T21:30:46 IST" name="testPutRequest" data-provider="UserNameData" finished-at="2024-04-16T21:30:46 IST" duration-ms="63" status="PASS">
          <params>
            <param index="0">
              <value>
                <![CDATA[]]>
              </value>
            </param>
          </params>
          <reporter-output>
          </reporter-output>
        </test-method> <!-- testPutRequest -->
        <test-method signature="testPutRequest(java.lang.String)[pri:4, instance:api.test.TestDDT@53aac487]" started-at="2024-04-16T21:30:46 IST" name="testPutRequest" data-provider="UserNameData" finished-at="2024-04-16T21:30:46 IST" duration-ms="45" status="PASS">
          <params>
            <param index="0">
              <value>
                <![CDATA[]]>
              </value>
            </param>
          </params>
          <reporter-output>
          </reporter-output>
        </test-method> <!-- testPutRequest -->
        <test-method signature="testDeleteRequest()[pri:5, instance:api.test.TestDDT@53aac487]" started-at="2024-04-16T21:30:46 IST" name="testDeleteRequest" finished-at="2024-04-16T21:30:47 IST" duration-ms="46" status="PASS">
          <reporter-output>
          </reporter-output>
        </test-method> <!-- testDeleteRequest -->
      </class> <!-- api.test.TestDDT -->
    </test> <!-- Default test -->
  </suite> <!-- Default suite -->
</testng-results>
